/*C4*/SET SCHEMA PUBLIC
CREATE TABLE product (\u000a        product_id int GENERATED BY DEFAULT AS IDENTITY,\u000a        product_no varchar(20) DEFAULT NULL,\u000a        name varchar(100) DEFAULT NULL,\u000a        category varchar(100) DEFAULT NULL,\u000a        price double DEFAULT NULL,\u000a        pur_price double DEFAULT NULL,\u000a        storage int DEFAULT NULL,\u000a        alarm_storage int DEFAULT NULL,\u000a        PRIMARY KEY (product_id)\u000a)
INSERT INTO PRODUCT VALUES(1,'10001','Tea','Drinks',3.5E0,2.3E0,20,5)
COMMIT
INSERT INTO PRODUCT VALUES(2,'10002','Juice','Drinks',3.5E0,2.3E0,70,5)
COMMIT
INSERT INTO PRODUCT VALUES(3,'20001','Chocolate','Food',4.0E0,3.2E0,108,5)
COMMIT
INSERT INTO PRODUCT VALUES(4,'10003','Coffee','Drinks',5.5E0,3.8E0,21,10)
COMMIT
INSERT INTO PRODUCT VALUES(5,'40001','Marlboro','Cigarette',10.5E0,7.4E0,239,10)
COMMIT
INSERT INTO PRODUCT VALUES(6,'30001','Red Wine','Wine',35.0E0,24.8E0,10,5)
COMMIT
INSERT INTO PRODUCT VALUES(7,'10004','Cola','Drinks',3.0E0,1.8E0,38,10)
COMMIT
INSERT INTO PRODUCT VALUES(8,'30002','White wine','Wine',30.0E0,20.0E0,50,5)
COMMIT
INSERT INTO PRODUCT VALUES(9,'50001','Crisps','Snacks',7.0E0,5.0E0,100,5)
COMMIT
INSERT INTO PRODUCT VALUES(10,'60001','Toilet paper','Household',5.0E0,4.0E0,150,5)
COMMIT
INSERT INTO PRODUCT VALUES(11,'50002','Potato chips','Snacks',2.0E0,1.7E0,200,5)
COMMIT
INSERT INTO PRODUCT VALUES(12,'60002','Mop','Household',10.0E0,9.0E0,150,5)
COMMIT
INSERT INTO PRODUCT VALUES(13,'40002','Winston','Cigarette',20.0E0,15.0E0,40,5)
COMMIT
CREATE TABLE purchase (\u000a        purchase_id int GENERATED BY DEFAULT AS IDENTITY,\u000a        purchase_category varchar(20) DEFAULT NULL,\u000a        purchase_name varchar(100) DEFAULT NULL,\u000a        purchase_quantity int DEFAULT NULL,\u000a)
INSERT INTO PURCHASE VALUES(1,'Drinks','Tea',50)
COMMIT
INSERT INTO PURCHASE VALUES(2,'Drinks','Juice',60)
COMMIT
INSERT INTO PURCHASE VALUES(3,'Food','Chocolate',70)
COMMIT
INSERT INTO PURCHASE VALUES(4,'Drinks','Coffee',20)
COMMIT
INSERT INTO PURCHASE VALUES(5,'Cigarette','Marlboro',45)
COMMIT
INSERT INTO PURCHASE VALUES(6,'Wine','Red Wine',50)
COMMIT
INSERT INTO PURCHASE VALUES(7,'Drinks','Cola',10)
COMMIT
INSERT INTO PURCHASE VALUES(8,'Wine','White wine',5)
COMMIT
INSERT INTO PURCHASE VALUES(9,'Snacks','Crisps',35)
COMMIT
INSERT INTO PURCHASE VALUES(10,'Household','Toilet paper',10)
COMMIT
/*C6*/SET SCHEMA PUBLIC
DISCONNECT
/*C8*/SET SCHEMA PUBLIC
DISCONNECT
/*C9*/SET SCHEMA PUBLIC
DISCONNECT
/*C10*/SET SCHEMA PUBLIC
DISCONNECT
/*C11*/SET SCHEMA PUBLIC
DISCONNECT
/*C12*/SET SCHEMA PUBLIC
DISCONNECT
/*C13*/SET SCHEMA PUBLIC
DISCONNECT
/*C14*/SET SCHEMA PUBLIC
DISCONNECT
/*C15*/SET SCHEMA PUBLIC
DISCONNECT
/*C17*/SET SCHEMA PUBLIC
DELETE FROM PRODUCT WHERE PRODUCT_ID=1
INSERT INTO PRODUCT VALUES(1,'10001','Tea','Drinks',3.5E0,2.3E0,50,5)
COMMIT
/*C16*/SET SCHEMA PUBLIC
DISCONNECT
/*C17*/DELETE FROM PRODUCT WHERE PRODUCT_ID=1
INSERT INTO PRODUCT VALUES(1,'10001','Tea','Drinks',3.5E0,2.3E0,80,5)
COMMIT
/*C19*/SET SCHEMA PUBLIC
DISCONNECT
/*C17*/DELETE FROM PRODUCT WHERE PRODUCT_ID=1
INSERT INTO PRODUCT VALUES(1,'10001','Tea','Drinks',3.5E0,2.3E0,90,5)
COMMIT
/*C20*/SET SCHEMA PUBLIC
DISCONNECT
/*C17*/DELETE FROM PRODUCT WHERE PRODUCT_ID=1
INSERT INTO PRODUCT VALUES(1,'10001','Tea','Drinks',3.5E0,2.3E0,100,5)
COMMIT
/*C18*/SET SCHEMA PUBLIC
INSERT INTO PURCHASE VALUES(11,'Drinks','Tea',10)
COMMIT
/*C21*/SET SCHEMA PUBLIC
DISCONNECT
/*C17*/DISCONNECT
/*C7*/SET SCHEMA PUBLIC
DISCONNECT
/*C18*/DISCONNECT
/*C5*/SET SCHEMA PUBLIC
DISCONNECT
/*C4*/DISCONNECT
/*C22*/SET SCHEMA PUBLIC
DISCONNECT
/*C23*/SET SCHEMA PUBLIC
DISCONNECT
/*C24*/SET SCHEMA PUBLIC
DISCONNECT
/*C26*/SET SCHEMA PUBLIC
DISCONNECT
/*C25*/SET SCHEMA PUBLIC
DISCONNECT
/*C27*/SET SCHEMA PUBLIC
DISCONNECT
/*C30*/SET SCHEMA PUBLIC
INSERT INTO PRODUCT VALUES(14,'10005','Test','Drinks',6.0E0,5.0E0,50,5)
COMMIT
DELETE FROM PRODUCT WHERE PRODUCT_ID=14
INSERT INTO PRODUCT VALUES(14,'10005','Test','Drinks',6.0E0,4.0E0,50,5)
COMMIT
DELETE FROM PRODUCT WHERE PRODUCT_ID=14
COMMIT
/*C29*/SET SCHEMA PUBLIC
DISCONNECT
/*C28*/SET SCHEMA PUBLIC
DISCONNECT
/*C30*/DISCONNECT
/*C33*/SET SCHEMA PUBLIC
INSERT INTO PRODUCT VALUES(15,'10006','Test','Drinks',5.0E0,7.0E0,50,5)
COMMIT
DELETE FROM PRODUCT WHERE PRODUCT_ID=15
COMMIT
DELETE FROM PRODUCT WHERE PRODUCT_ID=1
INSERT INTO PRODUCT VALUES(1,'10001','Tea','Drinks',3.5E0,2.3E0,110,5)
COMMIT
/*C34*/SET SCHEMA PUBLIC
INSERT INTO PURCHASE VALUES(12,'Drinks','Tea',10)
COMMIT
/*C33*/DELETE FROM PRODUCT WHERE PRODUCT_ID=3
INSERT INTO PRODUCT VALUES(3,'20001','Chocolate','Food',4.0E0,3.2E0,110,5)
COMMIT
/*C34*/INSERT INTO PURCHASE VALUES(13,'Food','Chocolate',2)
COMMIT
/*C32*/SET SCHEMA PUBLIC
DISCONNECT
/*C31*/SET SCHEMA PUBLIC
DISCONNECT
/*C34*/DISCONNECT
/*C33*/DISCONNECT
/*C35*/SET SCHEMA PUBLIC
DISCONNECT
/*C36*/SET SCHEMA PUBLIC
DISCONNECT
/*C38*/SET SCHEMA PUBLIC
INSERT INTO PRODUCT VALUES(16,'10006','Test','Drinks',7.0E0,5.0E0,55,5)
COMMIT
/*C37*/SET SCHEMA PUBLIC
DISCONNECT
/*C38*/DISCONNECT
/*C39*/SET SCHEMA PUBLIC
DROP TABLE product
DROP TABLE purchase
CREATE TABLE product (\u000a        product_id int GENERATED BY DEFAULT AS IDENTITY,\u000a        product_no varchar(20) DEFAULT NULL,\u000a        name varchar(100) DEFAULT NULL,\u000a        category varchar(100) DEFAULT NULL,\u000a        price double DEFAULT NULL,\u000a        pur_price double DEFAULT NULL,\u000a        storage int DEFAULT NULL,\u000a        alarm_storage int DEFAULT NULL,\u000a        PRIMARY KEY (product_id)\u000a)
INSERT INTO PRODUCT VALUES(1,'10001','Tea','Drinks',3.5E0,2.3E0,20,5)
COMMIT
INSERT INTO PRODUCT VALUES(2,'10002','Juice','Drinks',3.5E0,2.3E0,70,5)
COMMIT
INSERT INTO PRODUCT VALUES(3,'20001','Chocolate','Food',4.0E0,3.2E0,108,5)
COMMIT
INSERT INTO PRODUCT VALUES(4,'10003','Coffee','Drinks',5.5E0,3.8E0,21,10)
COMMIT
INSERT INTO PRODUCT VALUES(5,'40001','Marlboro','Cigarette',10.5E0,7.4E0,239,10)
COMMIT
INSERT INTO PRODUCT VALUES(6,'30001','Red Wine','Wine',35.0E0,24.8E0,10,5)
COMMIT
INSERT INTO PRODUCT VALUES(7,'10004','Cola','Drinks',3.0E0,1.8E0,38,10)
COMMIT
INSERT INTO PRODUCT VALUES(8,'30002','White wine','Wine',30.0E0,20.0E0,50,5)
COMMIT
INSERT INTO PRODUCT VALUES(9,'50001','Crisps','Snacks',7.0E0,5.0E0,100,5)
COMMIT
INSERT INTO PRODUCT VALUES(10,'60001','Toilet paper','Household',5.0E0,4.0E0,150,5)
COMMIT
INSERT INTO PRODUCT VALUES(11,'50002','Potato chips','Snacks',2.0E0,1.7E0,200,5)
COMMIT
INSERT INTO PRODUCT VALUES(12,'60002','Mop','Household',10.0E0,9.0E0,150,5)
COMMIT
INSERT INTO PRODUCT VALUES(13,'40002','Winston','Cigarette',20.0E0,15.0E0,40,5)
COMMIT
CREATE TABLE purchase (\u000a        purchase_id int GENERATED BY DEFAULT AS IDENTITY,\u000a        purchase_category varchar(20) DEFAULT NULL,\u000a        purchase_name varchar(100) DEFAULT NULL,\u000a        purchase_quantity int DEFAULT NULL,\u000a)
INSERT INTO PURCHASE VALUES(1,'Drinks','Tea',50)
COMMIT
INSERT INTO PURCHASE VALUES(2,'Drinks','Juice',60)
COMMIT
INSERT INTO PURCHASE VALUES(3,'Food','Chocolate',70)
COMMIT
INSERT INTO PURCHASE VALUES(4,'Drinks','Coffee',20)
COMMIT
INSERT INTO PURCHASE VALUES(5,'Cigarette','Marlboro',45)
COMMIT
INSERT INTO PURCHASE VALUES(6,'Wine','Red Wine',50)
COMMIT
INSERT INTO PURCHASE VALUES(7,'Drinks','Cola',10)
COMMIT
INSERT INTO PURCHASE VALUES(8,'Wine','White wine',5)
COMMIT
INSERT INTO PURCHASE VALUES(9,'Snacks','Crisps',35)
COMMIT
INSERT INTO PURCHASE VALUES(10,'Household','Toilet paper',10)
COMMIT
DISCONNECT
/*C42*/SET SCHEMA PUBLIC
INSERT INTO PRODUCT VALUES(14,'10006','Test','Drinks',6.0E0,5.0E0,66,5)
COMMIT
DELETE FROM PRODUCT WHERE PRODUCT_ID=14
INSERT INTO PRODUCT VALUES(14,'10006','TestTest','Drinks',6.0E0,5.0E0,66,5)
COMMIT
DELETE FROM PRODUCT WHERE PRODUCT_ID=14
COMMIT
DELETE FROM PRODUCT WHERE PRODUCT_ID=7
INSERT INTO PRODUCT VALUES(7,'10004','Cola','Drinks',3.0E0,1.8E0,88,10)
COMMIT
/*C43*/SET SCHEMA PUBLIC
INSERT INTO PURCHASE VALUES(11,'Drinks','Cola',50)
COMMIT
DISCONNECT
/*C42*/DISCONNECT
/*C40*/SET SCHEMA PUBLIC
DISCONNECT
/*C41*/SET SCHEMA PUBLIC
DISCONNECT
/*C45*/SET SCHEMA PUBLIC
DISCONNECT
/*C44*/SET SCHEMA PUBLIC
DISCONNECT
/*C48*/SET SCHEMA PUBLIC
DROP TABLE purchase\u000a
CREATE TABLE purchase (\u000a            purchase_id       int GENERATED BY DEFAULT AS IDENTITY,\u000a            purchase_category varchar(20)  DEFAULT NULL,\u000a            purchase_name     varchar(100) DEFAULT NULL,\u000a            purchase_quantity int          DEFAULT NULL\u000a        )
INSERT INTO PURCHASE VALUES(1,'Drinks','Tea',50)
COMMIT
INSERT INTO PURCHASE VALUES(2,'Drinks','Juice',60)
COMMIT
INSERT INTO PURCHASE VALUES(3,'Food','Chocolate',70)
COMMIT
INSERT INTO PURCHASE VALUES(4,'Drinks','Coffee',20)
COMMIT
INSERT INTO PURCHASE VALUES(5,'Cigarette','Marlboro',45)
COMMIT
INSERT INTO PURCHASE VALUES(6,'Wine','Red Wine',50)
COMMIT
INSERT INTO PURCHASE VALUES(7,'Drinks','Cola',10)
COMMIT
INSERT INTO PURCHASE VALUES(8,'Wine','White wine',5)
COMMIT
INSERT INTO PURCHASE VALUES(9,'Snacks','Crisps',35)
COMMIT
INSERT INTO PURCHASE VALUES(10,'Household','Toilet paper',10)
COMMIT
/*C47*/SET SCHEMA PUBLIC
DISCONNECT
/*C46*/SET SCHEMA PUBLIC
DISCONNECT
/*C49*/SET SCHEMA PUBLIC
DISCONNECT
/*C48*/DISCONNECT
/*C50*/SET SCHEMA PUBLIC
DISCONNECT
